<?xml version="1.0" encoding="UTF-8"?>
<coverage generated="1518260138938" clover="3.2.0">
  <project timestamp="1518260138938" name="All files">
    <metrics statements="109" coveredstatements="88" conditionals="42" coveredconditionals="34" methods="12" coveredmethods="4" elements="163" coveredelements="126" complexity="0" loc="109" ncloc="109" packages="2" files="3" classes="3">
      <package name="src">
        <metrics statements="20" coveredstatements="0" conditionals="6" coveredconditionals="0" methods="8" coveredmethods="0"/>
        <file name="App.vue" path="/home/lee/jono/web-projects/github-S4RBOpen/S4RB-Open/src/App.vue">
          <metrics statements="20" coveredstatements="0" conditionals="6" coveredconditionals="0" methods="8" coveredmethods="0"/>
          <line num="3" count="0" type="stmt"/>
          <line num="6" count="0" type="stmt"/>
          <line num="8" count="0" type="stmt"/>
          <line num="23" count="0" type="cond" truecount="0" falsecount="2"/>
          <line num="24" count="0" type="stmt"/>
          <line num="26" count="0" type="stmt"/>
          <line num="31" count="0" type="stmt"/>
          <line num="32" count="0" type="stmt"/>
          <line num="36" count="0" type="stmt"/>
          <line num="42" count="0" type="cond" truecount="0" falsecount="2"/>
          <line num="44" count="0" type="stmt"/>
          <line num="45" count="0" type="stmt"/>
          <line num="47" count="0" type="stmt"/>
          <line num="49" count="0" type="cond" truecount="0" falsecount="2"/>
          <line num="51" count="0" type="stmt"/>
          <line num="61" count="0" type="stmt"/>
          <line num="62" count="0" type="stmt"/>
          <line num="84" count="0" type="stmt"/>
          <line num="91" count="0" type="stmt"/>
          <line num="109" count="0" type="stmt"/>
        </file>
      </package>
      <package name="src.components">
        <metrics statements="89" coveredstatements="88" conditionals="36" coveredconditionals="34" methods="4" coveredmethods="4"/>
        <file name="table.js" path="/home/lee/jono/web-projects/github-S4RBOpen/S4RB-Open/src/components/table.js">
          <metrics statements="88" coveredstatements="87" conditionals="36" coveredconditionals="34" methods="4" coveredmethods="4"/>
          <line num="34" count="4" type="stmt"/>
          <line num="38" count="5" type="stmt"/>
          <line num="42" count="252" type="stmt"/>
          <line num="43" count="252" type="stmt"/>
          <line num="44" count="252" type="cond" truecount="1" falsecount="1"/>
          <line num="45" count="252" type="stmt"/>
          <line num="51" count="10" type="stmt"/>
          <line num="52" count="10" type="cond" truecount="2" falsecount="0"/>
          <line num="55" count="6" type="stmt"/>
          <line num="58" count="9" type="stmt"/>
          <line num="59" count="9" type="stmt"/>
          <line num="60" count="228" type="stmt"/>
          <line num="61" count="228" type="cond" truecount="4" falsecount="0"/>
          <line num="63" count="152" type="stmt"/>
          <line num="64" count="152" type="stmt"/>
          <line num="66" count="76" type="stmt"/>
          <line num="68" count="228" type="stmt"/>
          <line num="74" count="76" type="cond" truecount="4" falsecount="0"/>
          <line num="75" count="12" type="stmt"/>
          <line num="77" count="76" type="stmt"/>
          <line num="80" count="519" type="stmt"/>
          <line num="81" count="519" type="stmt"/>
          <line num="84" count="252" type="stmt"/>
          <line num="85" count="252" type="cond" truecount="2" falsecount="0"/>
          <line num="88" count="252" type="stmt"/>
          <line num="89" count="252" type="cond" truecount="2" falsecount="0"/>
          <line num="90" count="247" type="stmt"/>
          <line num="93" count="5" type="stmt"/>
          <line num="94" count="5" type="stmt"/>
          <line num="95" count="4" type="stmt"/>
          <line num="96" count="4" type="stmt"/>
          <line num="100" count="82" type="cond" truecount="2" falsecount="0"/>
          <line num="103" count="82" type="stmt"/>
          <line num="113" count="34" type="stmt"/>
          <line num="114" count="34" type="stmt"/>
          <line num="118" count="82" type="stmt"/>
          <line num="119" count="82" type="stmt"/>
          <line num="120" count="82" type="cond" truecount="2" falsecount="0"/>
          <line num="121" count="4" type="stmt"/>
          <line num="122" count="4" type="stmt"/>
          <line num="129" count="4" type="stmt"/>
          <line num="130" count="4" type="stmt"/>
          <line num="131" count="4" type="stmt"/>
          <line num="132" count="4" type="stmt"/>
          <line num="133" count="4" type="stmt"/>
          <line num="134" count="146" type="stmt"/>
          <line num="135" count="146" type="stmt"/>
          <line num="136" count="146" type="stmt"/>
          <line num="138" count="146" type="stmt"/>
          <line num="139" count="146" type="cond" truecount="2" falsecount="0"/>
          <line num="140" count="142" type="stmt"/>
          <line num="141" count="142" type="stmt"/>
          <line num="142" count="142" type="stmt"/>
          <line num="144" count="146" type="cond" truecount="3" falsecount="1"/>
          <line num="145" count="0" type="stmt"/>
          <line num="148" count="146" type="stmt"/>
          <line num="150" count="146" type="cond" truecount="2" falsecount="0"/>
          <line num="152" count="4" type="cond" truecount="2" falsecount="0"/>
          <line num="153" count="2" type="stmt"/>
          <line num="154" count="2" type="stmt"/>
          <line num="155" count="2" type="stmt"/>
          <line num="156" count="2" type="stmt"/>
          <line num="157" count="2" type="stmt"/>
          <line num="161" count="142" type="stmt"/>
          <line num="162" count="142" type="stmt"/>
          <line num="163" count="142" type="cond" truecount="2" falsecount="0"/>
          <line num="164" count="15" type="stmt"/>
          <line num="165" count="15" type="stmt"/>
          <line num="167" count="142" type="stmt"/>
          <line num="168" count="142" type="stmt"/>
          <line num="169" count="142" type="stmt"/>
          <line num="172" count="146" type="cond" truecount="2" falsecount="0"/>
          <line num="181" count="146" type="stmt"/>
          <line num="182" count="146" type="cond" truecount="2" falsecount="0"/>
          <line num="184" count="4" type="stmt"/>
          <line num="185" count="4" type="stmt"/>
          <line num="186" count="4" type="stmt"/>
          <line num="187" count="4" type="stmt"/>
          <line num="188" count="4" type="stmt"/>
          <line num="198" count="146" type="stmt"/>
          <line num="200" count="4" type="stmt"/>
          <line num="203" count="5" type="stmt"/>
          <line num="204" count="5" type="stmt"/>
          <line num="205" count="5" type="stmt"/>
          <line num="206" count="5" type="stmt"/>
          <line num="207" count="5" type="stmt"/>
          <line num="209" count="5" type="stmt"/>
          <line num="210" count="4" type="stmt"/>
        </file>
        <file name="table.vue" path="/home/lee/jono/web-projects/github-S4RBOpen/S4RB-Open/src/components/table.vue">
          <metrics statements="1" coveredstatements="1" conditionals="0" coveredconditionals="0" methods="0" coveredmethods="0"/>
          <line num="2" count="3" type="stmt"/>
        </file>
      </package>
    </metrics>
  </project>
</coverage>
