{"/home/lee/jono/web-projects/github-S4RBOpen/S4RB-Open/src/App.vue": {"path":"/home/lee/jono/web-projects/github-S4RBOpen/S4RB-Open/src/App.vue","statementMap":{"0":{"start":{"line":3,"column":0},"end":{"line":5,"column":3}},"1":{"start":{"line":6,"column":0},"end":{"line":40,"column":2}},"2":{"start":{"line":8,"column":4},"end":{"line":18,"column":6}},"3":{"start":{"line":23,"column":6},"end":{"line":25,"column":7}},"4":{"start":{"line":24,"column":8},"end":{"line":24,"column":28}},"5":{"start":{"line":26,"column":6},"end":{"line":26,"column":24}},"6":{"start":{"line":31,"column":6},"end":{"line":31,"column":41}},"7":{"start":{"line":32,"column":6},"end":{"line":32,"column":47}},"8":{"start":{"line":36,"column":4},"end":{"line":36,"column":45}},"9":{"start":{"line":42,"column":23},"end":{"line":42,"column":101}},"10":{"start":{"line":44,"column":0},"end":{"line":107,"column":2}},"11":{"start":{"line":45,"column":12},"end":{"line":45,"column":16}},"12":{"start":{"line":47,"column":11},"end":{"line":47,"column":29}},"13":{"start":{"line":49,"column":11},"end":{"line":49,"column":29}},"14":{"start":{"line":51,"column":2},"end":{"line":106,"column":51}},"15":{"start":{"line":61,"column":8},"end":{"line":61,"column":33}},"16":{"start":{"line":62,"column":8},"end":{"line":62,"column":29}},"17":{"start":{"line":84,"column":8},"end":{"line":84,"column":23}},"18":{"start":{"line":91,"column":8},"end":{"line":91,"column":29}},"19":{"start":{"line":109,"column":0},"end":{"line":109,"column":38}}},"fnMap":{"0":{"name":"data","decl":{"start":{"line":7,"column":17},"end":{"line":7,"column":21}},"loc":{"start":{"line":7,"column":24},"end":{"line":19,"column":3}},"line":7},"1":{"name":"sBtn","decl":{"start":{"line":22,"column":19},"end":{"line":22,"column":23}},"loc":{"start":{"line":22,"column":26},"end":{"line":27,"column":5}},"line":22},"2":{"name":"togClick","decl":{"start":{"line":30,"column":23},"end":{"line":30,"column":31}},"loc":{"start":{"line":30,"column":34},"end":{"line":33,"column":5}},"line":30},"3":{"name":"created","decl":{"start":{"line":35,"column":20},"end":{"line":35,"column":27}},"loc":{"start":{"line":35,"column":30},"end":{"line":37,"column":3}},"line":35},"4":{"name":"render","decl":{"start":{"line":44,"column":35},"end":{"line":44,"column":41}},"loc":{"start":{"line":44,"column":44},"end":{"line":107,"column":1}},"line":44},"5":{"name":"click","decl":{"start":{"line":60,"column":24},"end":{"line":60,"column":29}},"loc":{"start":{"line":60,"column":38},"end":{"line":63,"column":7}},"line":60},"6":{"name":"callback","decl":{"start":{"line":83,"column":25},"end":{"line":83,"column":33}},"loc":{"start":{"line":83,"column":39},"end":{"line":85,"column":7}},"line":83},"7":{"name":"click","decl":{"start":{"line":90,"column":24},"end":{"line":90,"column":29}},"loc":{"start":{"line":90,"column":38},"end":{"line":92,"column":7}},"line":90}},"branchMap":{"0":{"loc":{"start":{"line":23,"column":6},"end":{"line":25,"column":7}},"type":"if","locations":[{"start":{"line":23,"column":6},"end":{"line":25,"column":7}},{"start":{"line":23,"column":6},"end":{"line":25,"column":7}}],"line":23},"1":{"loc":{"start":{"line":42,"column":23},"end":{"line":42,"column":101}},"type":"cond-expr","locations":[{"start":{"line":42,"column":62},"end":{"line":42,"column":84}},{"start":{"line":42,"column":87},"end":{"line":42,"column":101}}],"line":42},"2":{"loc":{"start":{"line":49,"column":11},"end":{"line":49,"column":29}},"type":"binary-expr","locations":[{"start":{"line":49,"column":11},"end":{"line":49,"column":23}},{"start":{"line":49,"column":27},"end":{"line":49,"column":29}}],"line":49}},"s":{"0":0,"1":0,"2":0,"3":0,"4":0,"5":0,"6":0,"7":0,"8":0,"9":0,"10":0,"11":0,"12":0,"13":0,"14":0,"15":0,"16":0,"17":0,"18":0,"19":0},"f":{"0":0,"1":0,"2":0,"3":0,"4":0,"5":0,"6":0,"7":0},"b":{"0":[0,0],"1":[0,0],"2":[0,0]}}
,"/home/lee/jono/web-projects/github-S4RBOpen/S4RB-Open/src/components/table.js": {"path":"/home/lee/jono/web-projects/github-S4RBOpen/S4RB-Open/src/components/table.js","statementMap":{"0":{"start":{"line":34,"column":6},"end":{"line":null,"column":-1}},"1":{"start":{"line":38,"column":4},"end":{"line":null,"column":-1}},"2":{"start":{"line":42,"column":12},"end":{"line":42,"column":19}},"3":{"start":{"line":43,"column":12},"end":{"line":43,"column":20}},"4":{"start":{"line":44,"column":6},"end":{"line":44,"column":5}},"5":{"start":{"line":45,"column":8},"end":{"line":45,"column":7}},"6":{"start":{"line":51,"column":10},"end":{"line":51,"column":14}},"7":{"start":{"line":52,"column":6},"end":{"line":52,"column":13}},"8":{"start":{"line":55,"column":6},"end":{"line":55,"column":5}},"9":{"start":{"line":58,"column":10},"end":{"line":58,"column":14}},"10":{"start":{"line":59,"column":6},"end":{"line":69,"column":20}},"11":{"start":{"line":60,"column":8},"end":{"line":60,"column":23}},"12":{"start":{"line":61,"column":8},"end":{"line":67,"column":9}},"13":{"start":{"line":63,"column":10},"end":{"line":63,"column":50}},"14":{"start":{"line":64,"column":10},"end":{"line":64,"column":49}},"15":{"start":{"line":66,"column":10},"end":{"line":66,"column":19}},"16":{"start":{"line":68,"column":8},"end":{"line":68,"column":15}},"17":{"start":{"line":74,"column":6},"end":{"line":74,"column":5}},"18":{"start":{"line":75,"column":8},"end":{"line":75,"column":7}},"19":{"start":{"line":77,"column":6},"end":{"line":77,"column":5}},"20":{"start":{"line":80,"column":12},"end":{"line":80,"column":19}},"21":{"start":{"line":81,"column":6},"end":{"line":81,"column":5}},"22":{"start":{"line":84,"column":10},"end":{"line":84,"column":14}},"23":{"start":{"line":85,"column":6},"end":{"line":85,"column":15}},"24":{"start":{"line":88,"column":10},"end":{"line":88,"column":14}},"25":{"start":{"line":89,"column":6},"end":{"line":89,"column":19}},"26":{"start":{"line":89,"column":19},"end":{"line":89,"column":20}},"27":{"start":{"line":90,"column":6},"end":{"line":90,"column":5}},"28":{"start":{"line":93,"column":10},"end":{"line":93,"column":14}},"29":{"start":{"line":94,"column":6},"end":{"line":null,"column":-1}},"30":{"start":{"line":95,"column":8},"end":{"line":95,"column":7}},"31":{"start":{"line":96,"column":8},"end":{"line":96,"column":7}},"32":{"start":{"line":100,"column":6},"end":{"line":100,"column":13}},"33":{"start":{"line":103,"column":10},"end":{"line":103,"column":14}},"34":{"start":{"line":113,"column":10},"end":{"line":113,"column":14}},"35":{"start":{"line":114,"column":6},"end":{"line":124,"column":7}},"36":{"start":{"line":118,"column":8},"end":{"line":117,"column":7}},"37":{"start":{"line":119,"column":8},"end":{"line":117,"column":7}},"38":{"start":{"line":120,"column":8},"end":{"line":120,"column":7}},"39":{"start":{"line":121,"column":10},"end":{"line":121,"column":9}},"40":{"start":{"line":122,"column":10},"end":{"line":null,"column":-1}},"41":{"start":{"line":129,"column":10},"end":{"line":129,"column":14}},"42":{"start":{"line":130,"column":10},"end":{"line":130,"column":18}},"43":{"start":{"line":131,"column":12},"end":{"line":131,"column":24}},"44":{"start":{"line":132,"column":12},"end":{"line":132,"column":15}},"45":{"start":{"line":133,"column":6},"end":{"line":126,"column":34}},"46":{"start":{"line":134,"column":14},"end":{"line":134,"column":21}},"47":{"start":{"line":135,"column":14},"end":{"line":135,"column":18}},"48":{"start":{"line":136,"column":14},"end":{"line":136,"column":18}},"49":{"start":{"line":138,"column":14},"end":{"line":138,"column":20}},"50":{"start":{"line":139,"column":8},"end":{"line":139,"column":7}},"51":{"start":{"line":140,"column":16},"end":{"line":140,"column":27}},"52":{"start":{"line":141,"column":10},"end":{"line":141,"column":9}},"53":{"start":{"line":142,"column":10},"end":{"line":142,"column":9}},"54":{"start":{"line":144,"column":8},"end":{"line":144,"column":7}},"55":{"start":{"line":145,"column":10},"end":{"line":null,"column":-1}},"56":{"start":{"line":148,"column":12},"end":{"line":148,"column":19}},"57":{"start":{"line":150,"column":8},"end":{"line":133,"column":25}},"58":{"start":{"line":152,"column":10},"end":{"line":152,"column":9}},"59":{"start":{"line":153,"column":12},"end":{"line":153,"column":11}},"60":{"start":{"line":154,"column":12},"end":{"line":154,"column":11}},"61":{"start":{"line":155,"column":12},"end":{"line":155,"column":11}},"62":{"start":{"line":156,"column":12},"end":{"line":156,"column":11}},"63":{"start":{"line":157,"column":12},"end":{"line":157,"column":11}},"64":{"start":{"line":161,"column":10},"end":{"line":161,"column":9}},"65":{"start":{"line":162,"column":10},"end":{"line":162,"column":9}},"66":{"start":{"line":163,"column":10},"end":{"line":163,"column":9}},"67":{"start":{"line":164,"column":12},"end":{"line":164,"column":11}},"68":{"start":{"line":165,"column":12},"end":{"line":null,"column":-1}},"69":{"start":{"line":167,"column":10},"end":{"line":167,"column":9}},"70":{"start":{"line":168,"column":10},"end":{"line":168,"column":9}},"71":{"start":{"line":169,"column":10},"end":{"line":169,"column":9}},"72":{"start":{"line":172,"column":8},"end":{"line":172,"column":7}},"73":{"start":{"line":181,"column":8},"end":{"line":133,"column":24}},"74":{"start":{"line":182,"column":8},"end":{"line":182,"column":7}},"75":{"start":{"line":184,"column":10},"end":{"line":184,"column":9}},"76":{"start":{"line":185,"column":10},"end":{"line":185,"column":9}},"77":{"start":{"line":186,"column":10},"end":{"line":186,"column":9}},"78":{"start":{"line":187,"column":10},"end":{"line":187,"column":9}},"79":{"start":{"line":188,"column":10},"end":{"line":188,"column":9}},"80":{"start":{"line":198,"column":8},"end":{"line":null,"column":-1}},"81":{"start":{"line":200,"column":6},"end":{"line":200,"column":5}},"82":{"start":{"line":203,"column":10},"end":{"line":203,"column":14}},"83":{"start":{"line":204,"column":6},"end":{"line":204,"column":5}},"84":{"start":{"line":205,"column":6},"end":{"line":205,"column":5}},"85":{"start":{"line":206,"column":14},"end":{"line":206,"column":20}},"86":{"start":{"line":207,"column":14},"end":{"line":207,"column":22}},"87":{"start":{"line":209,"column":8},"end":{"line":null,"column":-1}},"88":{"start":{"line":210,"column":10},"end":{"line":210,"column":14}}},"fnMap":{"0":{"name":"(anonymous_0)","decl":{"start":{"line":59,"column":13},"end":{"line":59,"column":14}},"loc":{"start":{"line":59,"column":15},"end":{"line":69,"column":7}}},"1":{"name":"(anonymous_1)","decl":{"start":{"line":94,"column":31},"end":{"line":94,"column":52}},"loc":{"start":{"line":94,"column":31},"end":{"line":94,"column":6}}},"2":{"name":"(anonymous_2)","decl":{"start":{"line":205,"column":13},"end":{"line":205,"column":24}},"loc":{"start":{"line":205,"column":13},"end":{"line":205,"column":12}}},"3":{"name":"(anonymous_3)","decl":{"start":{"line":209,"column":19},"end":{"line":209,"column":24}},"loc":{"start":{"line":209,"column":19},"end":{"line":209,"column":8}}}},"branchMap":{"0":{"loc":{"start":{"line":44,"column":6},"end":{"line":44,"column":5}},"type":"if","locations":[{"start":{"line":44,"column":6},"end":{"line":44,"column":5}},{"start":{"line":44,"column":6},"end":{"line":44,"column":5}}]},"1":{"loc":{"start":{"line":52,"column":13},"end":{"line":52,"column":28}},"type":"cond-expr","locations":[{"start":{"line":52,"column":13},"end":{"line":52,"column":28}},{"start":{"line":52,"column":13},"end":{"line":52,"column":28}}]},"2":{"loc":{"start":{"line":61,"column":8},"end":{"line":67,"column":9}},"type":"if","locations":[{"start":{"line":61,"column":8},"end":{"line":67,"column":9}},{"start":{"line":61,"column":8},"end":{"line":67,"column":9}}]},"3":{"loc":{"start":{"line":61,"column":8},"end":{"line":61,"column":12}},"type":"binary-expr","locations":[{"start":{"line":61,"column":8},"end":{"line":61,"column":12}},{"start":{"line":62,"column":10},"end":{"line":61,"column":12}}]},"4":{"loc":{"start":{"line":74,"column":6},"end":{"line":74,"column":5}},"type":"if","locations":[{"start":{"line":74,"column":6},"end":{"line":74,"column":5}},{"start":{"line":74,"column":6},"end":{"line":74,"column":5}}]},"5":{"loc":{"start":{"line":74,"column":10},"end":{"line":74,"column":14}},"type":"binary-expr","locations":[{"start":{"line":74,"column":10},"end":{"line":74,"column":14}},{"start":{"line":74,"column":10},"end":{"line":74,"column":14}}]},"6":{"loc":{"start":{"line":85,"column":15},"end":{"line":85,"column":18}},"type":"binary-expr","locations":[{"start":{"line":85,"column":15},"end":{"line":85,"column":18}},{"start":{"line":85,"column":15},"end":{"line":85,"column":18}}]},"7":{"loc":{"start":{"line":89,"column":6},"end":{"line":89,"column":19}},"type":"if","locations":[{"start":{"line":89,"column":6},"end":{"line":89,"column":19}},{"start":{"line":89,"column":6},"end":{"line":89,"column":19}}]},"8":{"loc":{"start":{"line":100,"column":13},"end":{"line":100,"column":21}},"type":"cond-expr","locations":[{"start":{"line":100,"column":13},"end":{"line":100,"column":21}},{"start":{"line":100,"column":13},"end":{"line":100,"column":21}}]},"9":{"loc":{"start":{"line":120,"column":8},"end":{"line":120,"column":7}},"type":"if","locations":[{"start":{"line":120,"column":8},"end":{"line":120,"column":7}},{"start":{"line":120,"column":8},"end":{"line":120,"column":7}}]},"10":{"loc":{"start":{"line":139,"column":8},"end":{"line":139,"column":7}},"type":"if","locations":[{"start":{"line":139,"column":8},"end":{"line":139,"column":7}},{"start":{"line":139,"column":8},"end":{"line":139,"column":7}}]},"11":{"loc":{"start":{"line":144,"column":8},"end":{"line":144,"column":7}},"type":"if","locations":[{"start":{"line":144,"column":8},"end":{"line":144,"column":7}},{"start":{"line":144,"column":8},"end":{"line":144,"column":7}}]},"12":{"loc":{"start":{"line":144,"column":12},"end":{"line":144,"column":17}},"type":"binary-expr","locations":[{"start":{"line":144,"column":12},"end":{"line":144,"column":17}},{"start":{"line":144,"column":12},"end":{"line":144,"column":17}}]},"13":{"loc":{"start":{"line":150,"column":8},"end":{"line":133,"column":25}},"type":"if","locations":[{"start":{"line":150,"column":8},"end":{"line":133,"column":25}},{"start":{"line":150,"column":8},"end":{"line":133,"column":25}}]},"14":{"loc":{"start":{"line":152,"column":10},"end":{"line":152,"column":9}},"type":"if","locations":[{"start":{"line":152,"column":10},"end":{"line":152,"column":9}},{"start":{"line":152,"column":10},"end":{"line":152,"column":9}}]},"15":{"loc":{"start":{"line":163,"column":10},"end":{"line":163,"column":9}},"type":"if","locations":[{"start":{"line":163,"column":10},"end":{"line":163,"column":9}},{"start":{"line":163,"column":10},"end":{"line":163,"column":9}}]},"16":{"loc":{"start":{"line":172,"column":8},"end":{"line":172,"column":7}},"type":"if","locations":[{"start":{"line":172,"column":8},"end":{"line":172,"column":7}},{"start":{"line":172,"column":8},"end":{"line":172,"column":7}}]},"17":{"loc":{"start":{"line":182,"column":8},"end":{"line":182,"column":7}},"type":"if","locations":[{"start":{"line":182,"column":8},"end":{"line":182,"column":7}},{"start":{"line":182,"column":8},"end":{"line":182,"column":7}}]}},"s":{"0":4,"1":5,"2":252,"3":252,"4":252,"5":252,"6":10,"7":10,"8":6,"9":9,"10":9,"11":228,"12":228,"13":152,"14":152,"15":76,"16":228,"17":76,"18":12,"19":76,"20":519,"21":519,"22":252,"23":252,"24":252,"25":252,"26":5,"27":247,"28":5,"29":5,"30":4,"31":4,"32":82,"33":82,"34":34,"35":34,"36":82,"37":82,"38":82,"39":4,"40":4,"41":4,"42":4,"43":4,"44":4,"45":4,"46":146,"47":146,"48":146,"49":146,"50":146,"51":142,"52":142,"53":142,"54":146,"55":0,"56":146,"57":146,"58":4,"59":2,"60":2,"61":2,"62":2,"63":2,"64":142,"65":142,"66":142,"67":15,"68":15,"69":142,"70":142,"71":142,"72":146,"73":146,"74":146,"75":4,"76":4,"77":4,"78":4,"79":4,"80":146,"81":4,"82":5,"83":5,"84":5,"85":5,"86":5,"87":5,"88":4},"f":{"0":228,"1":4,"2":5,"3":4},"b":{"0":[252,0],"1":[1,9],"2":[152,76],"3":[228,224],"4":[12,64],"5":[76,12],"6":[252,247],"7":[5,247],"8":[64,18],"9":[4,78],"10":[142,4],"11":[0,146],"12":[146,146],"13":[4,142],"14":[2,2],"15":[15,127],"16":[30,116],"17":[4,142]}}
,"/home/lee/jono/web-projects/github-S4RBOpen/S4RB-Open/src/components/table.vue": {"path":"/home/lee/jono/web-projects/github-S4RBOpen/S4RB-Open/src/components/table.vue","statementMap":{"0":{"start":{"line":2,"column":0},"end":{"line":null,"column":-1}}},"fnMap":{},"branchMap":{},"s":{"0":3},"f":{},"b":{}}
}
