TN:
SF:/home/lee/jono/web-projects/github-S4RBOpen/S4RB-Open/src/App.vue
FN:7,data
FN:22,sBtn
FN:30,togClick
FN:35,created
FN:44,render
FN:60,click
FN:83,callback
FN:90,click
FNF:8
FNH:0
FNDA:0,data
FNDA:0,sBtn
FNDA:0,togClick
FNDA:0,created
FNDA:0,render
FNDA:0,click
FNDA:0,callback
FNDA:0,click
DA:3,0
DA:6,0
DA:8,0
DA:23,0
DA:24,0
DA:26,0
DA:31,0
DA:32,0
DA:36,0
DA:42,0
DA:44,0
DA:45,0
DA:47,0
DA:49,0
DA:51,0
DA:61,0
DA:62,0
DA:84,0
DA:91,0
DA:109,0
LF:20
LH:0
BRDA:23,0,0,0
BRDA:23,0,1,0
BRDA:42,1,0,0
BRDA:42,1,1,0
BRDA:49,2,0,0
BRDA:49,2,1,0
BRF:6
BRH:0
end_of_record
TN:
SF:/home/lee/jono/web-projects/github-S4RBOpen/S4RB-Open/src/components/table.js
FN:59,(anonymous_0)
FN:94,(anonymous_1)
FN:205,(anonymous_2)
FN:209,(anonymous_3)
FNF:4
FNH:4
FNDA:228,(anonymous_0)
FNDA:4,(anonymous_1)
FNDA:5,(anonymous_2)
FNDA:4,(anonymous_3)
DA:34,4
DA:38,5
DA:42,252
DA:43,252
DA:44,252
DA:45,252
DA:51,10
DA:52,10
DA:55,6
DA:58,9
DA:59,9
DA:60,228
DA:61,228
DA:63,152
DA:64,152
DA:66,76
DA:68,228
DA:74,76
DA:75,12
DA:77,76
DA:80,519
DA:81,519
DA:84,252
DA:85,252
DA:88,252
DA:89,252
DA:90,247
DA:93,5
DA:94,5
DA:95,4
DA:96,4
DA:100,82
DA:103,82
DA:113,34
DA:114,34
DA:118,82
DA:119,82
DA:120,82
DA:121,4
DA:122,4
DA:129,4
DA:130,4
DA:131,4
DA:132,4
DA:133,4
DA:134,146
DA:135,146
DA:136,146
DA:138,146
DA:139,146
DA:140,142
DA:141,142
DA:142,142
DA:144,146
DA:145,0
DA:148,146
DA:150,146
DA:152,4
DA:153,2
DA:154,2
DA:155,2
DA:156,2
DA:157,2
DA:161,142
DA:162,142
DA:163,142
DA:164,15
DA:165,15
DA:167,142
DA:168,142
DA:169,142
DA:172,146
DA:181,146
DA:182,146
DA:184,4
DA:185,4
DA:186,4
DA:187,4
DA:188,4
DA:198,146
DA:200,4
DA:203,5
DA:204,5
DA:205,5
DA:206,5
DA:207,5
DA:209,5
DA:210,4
LF:88
LH:87
BRDA:44,0,0,252
BRDA:44,0,1,0
BRDA:52,1,0,1
BRDA:52,1,1,9
BRDA:61,2,0,152
BRDA:61,2,1,76
BRDA:61,3,0,228
BRDA:61,3,1,224
BRDA:74,4,0,12
BRDA:74,4,1,64
BRDA:74,5,0,76
BRDA:74,5,1,12
BRDA:85,6,0,252
BRDA:85,6,1,247
BRDA:89,7,0,5
BRDA:89,7,1,247
BRDA:100,8,0,64
BRDA:100,8,1,18
BRDA:120,9,0,4
BRDA:120,9,1,78
BRDA:139,10,0,142
BRDA:139,10,1,4
BRDA:144,11,0,0
BRDA:144,11,1,146
BRDA:144,12,0,146
BRDA:144,12,1,146
BRDA:150,13,0,4
BRDA:150,13,1,142
BRDA:152,14,0,2
BRDA:152,14,1,2
BRDA:163,15,0,15
BRDA:163,15,1,127
BRDA:172,16,0,30
BRDA:172,16,1,116
BRDA:182,17,0,4
BRDA:182,17,1,142
BRF:36
BRH:34
end_of_record
TN:
SF:/home/lee/jono/web-projects/github-S4RBOpen/S4RB-Open/src/components/table.vue
FNF:0
FNH:0
DA:2,3
LF:1
LH:1
BRF:0
BRH:0
end_of_record
